<?xml version="1.0" encoding="UTF-8"?>
<!-- Generated by org.testng.reporters.JUnitReportReporter -->
<testsuite hostname="DESKTOP-2223PA2" failures="0" tests="1" name="PageTestsPackage.HomePageTest" time="6.872" errors="0" timestamp="16 Dec 2022 19:54:03 GMT" skipped="0">
  <testcase classname="PageTestsPackage.HomePageTest" name="HomePageTitleTest" time="6.872"/>
</testsuite> <!-- PageTestsPackage.HomePageTest -->
