<?xml version="1.0" encoding="UTF-8"?>
<!-- Generated by org.testng.reporters.JUnitReportReporter -->
<testsuite hostname="DESKTOP-2223PA2" failures="0" tests="1" name="PageTestsPackage.SignInPageTest" time="10.827" errors="0" timestamp="16 Dec 2022 19:54:03 GMT" skipped="0">
  <testcase classname="PageTestsPackage.SignInPageTest" name="signInPageTitleTest" time="10.827"/>
</testsuite> <!-- PageTestsPackage.SignInPageTest -->
