<?xml version="1.0" encoding="UTF-8"?>
<!-- Generated by org.testng.reporters.JUnitReportReporter -->
<testsuite hostname="DESKTOP-2223PA2" failures="0" tests="1" name="PageTestsPackage.SignInPage1Test" time="8.909" errors="0" timestamp="16 Dec 2022 19:54:03 GMT" skipped="0">
  <testcase classname="PageTestsPackage.SignInPage1Test" name="validateSignInPage1TitleTest" time="8.909"/>
</testsuite> <!-- PageTestsPackage.SignInPage1Test -->
