<?xml version="1.0" encoding="UTF-8"?>
<!-- Generated by org.testng.reporters.JUnitReportReporter -->
<testsuite hostname="DESKTOP-2223PA2" failures="0" tests="3" name="TestNGSamples.MultipleTestData" time="0.010" errors="0" timestamp="2022-11-25T21:33:56 PST" skipped="0">
  <testcase classname="TestNGSamples.MultipleTestData" name="testMethodLogic" time="0.000"/>
  <system-out/>
  <testcase classname="TestNGSamples.MultipleTestData" name="testMethodLogic" time="0.009"/>
  <system-out/>
  <testcase classname="TestNGSamples.MultipleTestData" name="testMethodLogic" time="0.001"/>
  <system-out/>
</testsuite> <!-- TestNGSamples.MultipleTestData -->
