<?xml version="1.0" encoding="UTF-8"?>
<!-- Generated by org.testng.reporters.JUnitReportReporter -->
<testsuite hostname="DESKTOP-2223PA2" failures="0" tests="3" name="TestNGSamples.AnnotationExample" time="0.011" errors="0" timestamp="2022-11-25T18:05:35 PST" skipped="0">
  <testcase classname="TestNGSamples.AnnotationExample" name="testcase5" time="0.003"/>
  <system-out/>
  <testcase classname="TestNGSamples.AnnotationExample" name="testcase6" time="0.001"/>
  <system-out/>
  <testcase classname="TestNGSamples.AnnotationExample" name="testCase4" time="0.007"/>
  <system-out/>
</testsuite> <!-- TestNGSamples.AnnotationExample -->
